<?xml version="1.0" encoding="UTF-8"?>
<!-- Generated by org.testng.reporters.JUnitXMLReporter -->
<testsuite hostname="DESKTOP-RIUS5ET" ignored="0" name="Default test" tests="5" failures="0" timestamp="07 Mar 2021 06:28:10 GMT" time="1.976" errors="0">
  <testcase name="getWeatherDetails1" time="1.843" classname="apidemo.ApiGet1"/>
  <testcase name="getWeatherDetails2" time="0.031" classname="apidemo.ApiGet1"/>
  <testcase name="getWeatherDetails3" time="0.02" classname="apidemo.ApiGet1"/>
  <testcase name="getWeatherDetails4" time="0.031" classname="apidemo.ApiGet1"/>
  <testcase name="getWeatherDetails5" time="0.02" classname="apidemo.ApiGet1"/>
</testsuite> <!-- Default test -->
